g:\the_way_coder_learn\vs_project\visual studio 2019\virtualflight\digitalearth\debug\digitalearth.pch
g:\the_way_coder_learn\vs_project\visual studio 2019\virtualflight\digitalearth\debug\vc142.pdb
g:\the_way_coder_learn\vs_project\visual studio 2019\virtualflight\digitalearth\debug\vc142.idb
g:\the_way_coder_learn\vs_project\visual studio 2019\virtualflight\digitalearth\debug\pch.obj
g:\the_way_coder_learn\vs_project\visual studio 2019\virtualflight\digitalearth\debug\viewtree.obj
g:\the_way_coder_learn\vs_project\visual studio 2019\virtualflight\digitalearth\debug\propertieswnd.obj
g:\the_way_coder_learn\vs_project\visual studio 2019\virtualflight\digitalearth\debug\outputwnd.obj
g:\the_way_coder_learn\vs_project\visual studio 2019\virtualflight\digitalearth\debug\mfc_osg.obj
g:\the_way_coder_learn\vs_project\visual studio 2019\virtualflight\digitalearth\debug\mainfrm.obj
g:\the_way_coder_learn\vs_project\visual studio 2019\virtualflight\digitalearth\debug\fileview.obj
g:\the_way_coder_learn\vs_project\visual studio 2019\virtualflight\digitalearth\debug\digitalearthview.obj
g:\the_way_coder_learn\vs_project\visual studio 2019\virtualflight\digitalearth\debug\digitalearthdoc.obj
g:\the_way_coder_learn\vs_project\visual studio 2019\virtualflight\digitalearth\debug\digitalearth.obj
g:\the_way_coder_learn\vs_project\visual studio 2019\virtualflight\digitalearth\debug\classview.obj
g:\the_way_coder_learn\vs_project\visual studio 2019\virtualflight\digitalearth\debug\childfrm.obj
g:\the_way_coder_learn\vs_project\visual studio 2019\virtualflight\digitalearth\debug\cosgobject.obj
g:\the_way_coder_learn\vs_project\visual studio 2019\virtualflight\digitalearth\debug\digitalearth.res
g:\the_way_coder_learn\vs_project\visual studio 2019\virtualflight\debug\digitalearth.pdb
g:\the_way_coder_learn\vs_project\visual studio 2019\virtualflight\digitalearth\debug\digitalearth.tlog\cl.command.1.tlog
g:\the_way_coder_learn\vs_project\visual studio 2019\virtualflight\digitalearth\debug\digitalearth.tlog\cl.read.1.tlog
g:\the_way_coder_learn\vs_project\visual studio 2019\virtualflight\digitalearth\debug\digitalearth.tlog\cl.write.1.tlog
g:\the_way_coder_learn\vs_project\visual studio 2019\virtualflight\digitalearth\debug\digitalearth.tlog\link-cvtres.read.1.tlog
g:\the_way_coder_learn\vs_project\visual studio 2019\virtualflight\digitalearth\debug\digitalearth.tlog\link-cvtres.write.1.tlog
g:\the_way_coder_learn\vs_project\visual studio 2019\virtualflight\digitalearth\debug\digitalearth.tlog\link-mt.read.1.tlog
g:\the_way_coder_learn\vs_project\visual studio 2019\virtualflight\digitalearth\debug\digitalearth.tlog\link-mt.write.1.tlog
g:\the_way_coder_learn\vs_project\visual studio 2019\virtualflight\digitalearth\debug\digitalearth.tlog\link-rc.read.1.tlog
g:\the_way_coder_learn\vs_project\visual studio 2019\virtualflight\digitalearth\debug\digitalearth.tlog\link-rc.write.1.tlog
g:\the_way_coder_learn\vs_project\visual studio 2019\virtualflight\digitalearth\debug\digitalearth.tlog\link.206204-cvtres.read.1.tlog
g:\the_way_coder_learn\vs_project\visual studio 2019\virtualflight\digitalearth\debug\digitalearth.tlog\link.206204-cvtres.write.1.tlog
g:\the_way_coder_learn\vs_project\visual studio 2019\virtualflight\digitalearth\debug\digitalearth.tlog\link.206204-mt.read.1.tlog
g:\the_way_coder_learn\vs_project\visual studio 2019\virtualflight\digitalearth\debug\digitalearth.tlog\link.206204-mt.write.1.tlog
g:\the_way_coder_learn\vs_project\visual studio 2019\virtualflight\digitalearth\debug\digitalearth.tlog\link.206204-rc.read.1.tlog
g:\the_way_coder_learn\vs_project\visual studio 2019\virtualflight\digitalearth\debug\digitalearth.tlog\link.206204-rc.write.1.tlog
g:\the_way_coder_learn\vs_project\visual studio 2019\virtualflight\digitalearth\debug\digitalearth.tlog\link.206204.read.1.tlog
g:\the_way_coder_learn\vs_project\visual studio 2019\virtualflight\digitalearth\debug\digitalearth.tlog\link.206204.write.1.tlog
g:\the_way_coder_learn\vs_project\visual studio 2019\virtualflight\digitalearth\debug\digitalearth.tlog\link.command.1.tlog
g:\the_way_coder_learn\vs_project\visual studio 2019\virtualflight\digitalearth\debug\digitalearth.tlog\link.read.1.tlog
g:\the_way_coder_learn\vs_project\visual studio 2019\virtualflight\digitalearth\debug\digitalearth.tlog\link.write.1.tlog
g:\the_way_coder_learn\vs_project\visual studio 2019\virtualflight\digitalearth\debug\digitalearth.tlog\rc.command.1.tlog
g:\the_way_coder_learn\vs_project\visual studio 2019\virtualflight\digitalearth\debug\digitalearth.tlog\rc.read.1.tlog
g:\the_way_coder_learn\vs_project\visual studio 2019\virtualflight\digitalearth\debug\digitalearth.tlog\rc.write.1.tlog
