g:\the_way_coder_learn\vs_project\visual studio 2019\virtualflight\mfc_osg_mdi\debug\mfc_osg_mdi.pch
g:\the_way_coder_learn\vs_project\visual studio 2019\virtualflight\mfc_osg_mdi\debug\vc142.pdb
g:\the_way_coder_learn\vs_project\visual studio 2019\virtualflight\mfc_osg_mdi\debug\vc142.idb
g:\the_way_coder_learn\vs_project\visual studio 2019\virtualflight\mfc_osg_mdi\debug\pch.obj
g:\the_way_coder_learn\vs_project\visual studio 2019\virtualflight\mfc_osg_mdi\debug\viewtree.obj
g:\the_way_coder_learn\vs_project\visual studio 2019\virtualflight\mfc_osg_mdi\debug\propertieswnd.obj
g:\the_way_coder_learn\vs_project\visual studio 2019\virtualflight\mfc_osg_mdi\debug\outputwnd.obj
g:\the_way_coder_learn\vs_project\visual studio 2019\virtualflight\mfc_osg_mdi\debug\mfc_osg_mdiview.obj
g:\the_way_coder_learn\vs_project\visual studio 2019\virtualflight\mfc_osg_mdi\debug\mfc_osg_mdidoc.obj
g:\the_way_coder_learn\vs_project\visual studio 2019\virtualflight\mfc_osg_mdi\debug\mfc_osg_mdi.obj
g:\the_way_coder_learn\vs_project\visual studio 2019\virtualflight\mfc_osg_mdi\debug\mfc_osg.obj
g:\the_way_coder_learn\vs_project\visual studio 2019\virtualflight\mfc_osg_mdi\debug\mainfrm.obj
g:\the_way_coder_learn\vs_project\visual studio 2019\virtualflight\mfc_osg_mdi\debug\fileview.obj
g:\the_way_coder_learn\vs_project\visual studio 2019\virtualflight\mfc_osg_mdi\debug\classview.obj
g:\the_way_coder_learn\vs_project\visual studio 2019\virtualflight\mfc_osg_mdi\debug\childfrm.obj
g:\the_way_coder_learn\vs_project\visual studio 2019\virtualflight\mfc_osg_mdi\debug\mfc_oe.obj
g:\the_way_coder_learn\vs_project\visual studio 2019\virtualflight\debug\mfc_osg_mdi.exe
g:\the_way_coder_learn\vs_project\visual studio 2019\virtualflight\mfc_osg_mdi\debug\mfc_osg_mdi.ilk
g:\the_way_coder_learn\vs_project\visual studio 2019\virtualflight\debug\mfc_osg_mdi.pdb
g:\the_way_coder_learn\vs_project\visual studio 2019\virtualflight\mfc_osg_mdi\debug\mfcosgmdi.res
g:\the_way_coder_learn\vs_project\visual studio 2019\virtualflight\mfc_osg_mdi\debug\mfc_osg_mdi.tlog\cl.command.1.tlog
g:\the_way_coder_learn\vs_project\visual studio 2019\virtualflight\mfc_osg_mdi\debug\mfc_osg_mdi.tlog\cl.read.1.tlog
g:\the_way_coder_learn\vs_project\visual studio 2019\virtualflight\mfc_osg_mdi\debug\mfc_osg_mdi.tlog\cl.write.1.tlog
g:\the_way_coder_learn\vs_project\visual studio 2019\virtualflight\mfc_osg_mdi\debug\mfc_osg_mdi.tlog\link.command.1.tlog
g:\the_way_coder_learn\vs_project\visual studio 2019\virtualflight\mfc_osg_mdi\debug\mfc_osg_mdi.tlog\link.read.1.tlog
g:\the_way_coder_learn\vs_project\visual studio 2019\virtualflight\mfc_osg_mdi\debug\mfc_osg_mdi.tlog\link.write.1.tlog
g:\the_way_coder_learn\vs_project\visual studio 2019\virtualflight\mfc_osg_mdi\debug\mfc_osg_mdi.tlog\rc.command.1.tlog
g:\the_way_coder_learn\vs_project\visual studio 2019\virtualflight\mfc_osg_mdi\debug\mfc_osg_mdi.tlog\rc.read.1.tlog
g:\the_way_coder_learn\vs_project\visual studio 2019\virtualflight\mfc_osg_mdi\debug\mfc_osg_mdi.tlog\rc.write.1.tlog
